[debug] [2024-05-21T00:54:02.364Z] ----------------------------------------------------------------------
[debug] [2024-05-21T00:54:02.367Z] Command:       C:\Program Files\nodejs\node.exe C:\Users\DevNoite.ESN505D1230600\AppData\Roaming\npm\node_modules\firebase-tools\lib\bin\firebase.js projects:list
[debug] [2024-05-21T00:54:02.367Z] CLI Version:   13.9.0
[debug] [2024-05-21T00:54:02.367Z] Platform:      win32
[debug] [2024-05-21T00:54:02.368Z] Node Version:  v20.13.1
[debug] [2024-05-21T00:54:02.368Z] Time:          Mon May 20 2024 21:54:02 GMT-0300 (Horário Padrão de Brasília)
[debug] [2024-05-21T00:54:02.368Z] ----------------------------------------------------------------------
[debug] 
[debug] [2024-05-21T00:54:02.373Z] > command requires scopes: ["email","openid","https://www.googleapis.com/auth/cloudplatformprojects.readonly","https://www.googleapis.com/auth/firebase","https://www.googleapis.com/auth/cloud-platform"]
[debug] [2024-05-21T00:54:02.374Z] > authorizing via signed-in user (matheusfran.ls@gmail.com)
[debug] [2024-05-21T00:54:02.390Z] >>> [apiv2][query] GET https://firebase.googleapis.com/v1beta1/projects pageSize=1000
[debug] [2024-05-21T00:54:03.133Z] <<< [apiv2][status] GET https://firebase.googleapis.com/v1beta1/projects 200
[debug] [2024-05-21T00:54:03.133Z] <<< [apiv2][body] GET https://firebase.googleapis.com/v1beta1/projects [omitted]
[info] ┌──────────────────────┬────────────────────────────┬────────────────┬──────────────────────┐
│ Project Display Name │ Project ID                 │ Project Number │ Resource Location ID │
├──────────────────────┼────────────────────────────┼────────────────┼──────────────────────┤
│ Teste Firebase Noite │ teste-firebase-noite-b7d48 │ 884298787789   │ [Not specified]      │
└──────────────────────┴────────────────────────────┴────────────────┴──────────────────────┘
[info] 
[info] 1 project(s) total.
[debug] [2024-05-21T00:54:08.300Z] Error: Timed out.
    at Timeout._onTimeout (C:\Users\DevNoite.ESN505D1230600\AppData\Roaming\npm\node_modules\firebase-tools\lib\utils.js:267:49)
    at listOnTimeout (node:internal/timers:573:17)
    at process.processTimers (node:internal/timers:514:7)
[error] 
[error] Error: An unexpected error has occurred.
